<?xml version="1.0" encoding="UTF-8"?>
<!-- Generated by org.testng.reporters.JUnitXMLReporter -->
<testsuite ignored="0" hostname="DESKTOP-AP33V73" failures="0" tests="5" name="Test" time="131.572" errors="0" timestamp="2024-12-19T11:24:40 IST">
  <testcase classname="test.Testcase1" name="login" time="9.622"/>
  <testcase classname="test.Testcase2" name="login" time="19.396"/>
  <testcase classname="test.Testcase3" name="login" time="23.729"/>
  <testcase classname="test.Testcase4" name="login" time="31.025"/>
  <testcase classname="test.Testcase5" name="login" time="28.812"/>
</testsuite> <!-- Test -->
