<?xml version="1.0" encoding="UTF-8"?>
<!-- Generated by org.testng.reporters.JUnitXMLReporter -->
<testsuite ignored="0" hostname="DESKTOP-AP33V73" failures="0" tests="5" name="Test" time="119.819" errors="0" timestamp="2024-12-19T11:28:45 IST">
  <testcase classname="test.Testcase1" name="login" time="7.814"/>
  <testcase classname="test.Testcase2" name="login" time="19.446"/>
  <testcase classname="test.Testcase3" name="login" time="22.134"/>
  <testcase classname="test.Testcase4" name="login" time="25.867"/>
  <testcase classname="test.Testcase5" name="login" time="28.947"/>
</testsuite> <!-- Test -->
