<?xml version="1.0" encoding="UTF-8"?>
<testng-results ignored="0" total="5" passed="5" failed="0" skipped="0">
  <reporter-output>
  </reporter-output>
  <suite started-at="2024-12-19T11:26:45 IST" name="Suite" finished-at="2024-12-19T11:28:45 IST" duration-ms="119819">
    <groups>
    </groups>
    <test started-at="2024-12-19T11:26:45 IST" name="Test" finished-at="2024-12-19T11:28:45 IST" duration-ms="119819">
      <class name="test.Testcase2">
        <test-method is-config="true" signature="launch()[pri:0, instance:test.Testcase2@46cdf8bd]" started-at="2024-12-19T11:26:57 IST" name="launch" finished-at="2024-12-19T11:26:59 IST" duration-ms="2718" status="PASS">
          <reporter-output>
          </reporter-output>
        </test-method> <!-- launch -->
        <test-method signature="login()[pri:0, instance:test.Testcase2@46cdf8bd]" started-at="2024-12-19T11:26:59 IST" name="login" finished-at="2024-12-19T11:27:19 IST" duration-ms="19446" status="PASS">
          <reporter-output>
          </reporter-output>
        </test-method> <!-- login -->
        <test-method is-config="true" signature="quit()[pri:0, instance:test.Testcase2@46cdf8bd]" started-at="2024-12-19T11:27:19 IST" name="quit" finished-at="2024-12-19T11:27:19 IST" duration-ms="0" status="PASS">
          <reporter-output>
          </reporter-output>
        </test-method> <!-- quit -->
      </class> <!-- test.Testcase2 -->
      <class name="test.Testcase3">
        <test-method is-config="true" signature="launch()[pri:0, instance:test.Testcase3@f0c8a99]" started-at="2024-12-19T11:27:19 IST" name="launch" finished-at="2024-12-19T11:27:22 IST" duration-ms="2838" status="PASS">
          <reporter-output>
          </reporter-output>
        </test-method> <!-- launch -->
        <test-method signature="login()[pri:0, instance:test.Testcase3@f0c8a99]" started-at="2024-12-19T11:27:22 IST" name="login" finished-at="2024-12-19T11:27:44 IST" duration-ms="22134" status="PASS">
          <reporter-output>
          </reporter-output>
        </test-method> <!-- login -->
        <test-method is-config="true" signature="quit()[pri:0, instance:test.Testcase3@f0c8a99]" started-at="2024-12-19T11:27:44 IST" name="quit" finished-at="2024-12-19T11:27:44 IST" duration-ms="1" status="PASS">
          <reporter-output>
          </reporter-output>
        </test-method> <!-- quit -->
      </class> <!-- test.Testcase3 -->
      <class name="test.Testcase4">
        <test-method is-config="true" signature="launch()[pri:0, instance:test.Testcase4@740cae06]" started-at="2024-12-19T11:27:44 IST" name="launch" finished-at="2024-12-19T11:27:47 IST" duration-ms="3004" status="PASS">
          <reporter-output>
          </reporter-output>
        </test-method> <!-- launch -->
        <test-method signature="login()[pri:0, instance:test.Testcase4@740cae06]" started-at="2024-12-19T11:27:47 IST" name="login" finished-at="2024-12-19T11:28:13 IST" duration-ms="25867" status="PASS">
          <reporter-output>
          </reporter-output>
        </test-method> <!-- login -->
        <test-method is-config="true" signature="quit()[pri:0, instance:test.Testcase4@740cae06]" started-at="2024-12-19T11:28:13 IST" name="quit" finished-at="2024-12-19T11:28:13 IST" duration-ms="1" status="PASS">
          <reporter-output>
          </reporter-output>
        </test-method> <!-- quit -->
      </class> <!-- test.Testcase4 -->
      <class name="test.Testcase5">
        <test-method is-config="true" signature="launch()[pri:0, instance:test.Testcase5@26d9b808]" started-at="2024-12-19T11:28:13 IST" name="launch" finished-at="2024-12-19T11:28:16 IST" duration-ms="3173" status="PASS">
          <reporter-output>
          </reporter-output>
        </test-method> <!-- launch -->
        <test-method signature="login()[pri:0, instance:test.Testcase5@26d9b808]" started-at="2024-12-19T11:28:16 IST" name="login" finished-at="2024-12-19T11:28:45 IST" duration-ms="28947" status="PASS">
          <reporter-output>
          </reporter-output>
        </test-method> <!-- login -->
        <test-method is-config="true" signature="quit()[pri:0, instance:test.Testcase5@26d9b808]" started-at="2024-12-19T11:28:45 IST" name="quit" finished-at="2024-12-19T11:28:45 IST" duration-ms="0" status="PASS">
          <reporter-output>
          </reporter-output>
        </test-method> <!-- quit -->
      </class> <!-- test.Testcase5 -->
      <class name="test.Testcase1">
        <test-method is-config="true" signature="launch()[pri:0, instance:test.Testcase1@3527942a]" started-at="2024-12-19T11:26:45 IST" name="launch" finished-at="2024-12-19T11:26:49 IST" duration-ms="3815" status="PASS">
          <reporter-output>
          </reporter-output>
        </test-method> <!-- launch -->
        <test-method signature="login()[pri:0, instance:test.Testcase1@3527942a]" started-at="2024-12-19T11:26:49 IST" name="login" finished-at="2024-12-19T11:26:57 IST" duration-ms="7814" status="PASS">
          <reporter-output>
          </reporter-output>
        </test-method> <!-- login -->
        <test-method is-config="true" signature="quit()[pri:0, instance:test.Testcase1@3527942a]" started-at="2024-12-19T11:26:57 IST" name="quit" finished-at="2024-12-19T11:26:57 IST" duration-ms="0" status="PASS">
          <reporter-output>
          </reporter-output>
        </test-method> <!-- quit -->
      </class> <!-- test.Testcase1 -->
    </test> <!-- Test -->
  </suite> <!-- Suite -->
</testng-results>
