<?xml version="1.0" encoding="UTF-8"?>
<testng-results ignored="0" total="5" passed="5" failed="0" skipped="0">
  <reporter-output>
  </reporter-output>
  <suite started-at="2024-12-19T11:22:28 IST" name="Suite" finished-at="2024-12-19T11:24:40 IST" duration-ms="131572">
    <groups>
    </groups>
    <test started-at="2024-12-19T11:22:28 IST" name="Test" finished-at="2024-12-19T11:24:40 IST" duration-ms="131572">
      <class name="test.Testcase2">
        <test-method is-config="true" signature="launch()[pri:0, instance:test.Testcase2@72035809]" started-at="2024-12-19T11:22:41 IST" name="launch" finished-at="2024-12-19T11:22:44 IST" duration-ms="2730" status="PASS">
          <reporter-output>
          </reporter-output>
        </test-method> <!-- launch -->
        <test-method signature="login()[pri:0, instance:test.Testcase2@72035809]" started-at="2024-12-19T11:22:44 IST" name="login" finished-at="2024-12-19T11:23:03 IST" duration-ms="19396" status="PASS">
          <reporter-output>
          </reporter-output>
        </test-method> <!-- login -->
        <test-method is-config="true" signature="quit()[pri:0, instance:test.Testcase2@72035809]" started-at="2024-12-19T11:23:03 IST" name="quit" finished-at="2024-12-19T11:23:03 IST" duration-ms="1" status="PASS">
          <reporter-output>
          </reporter-output>
        </test-method> <!-- quit -->
      </class> <!-- test.Testcase2 -->
      <class name="test.Testcase3">
        <test-method is-config="true" signature="launch()[pri:0, instance:test.Testcase3@909217e]" started-at="2024-12-19T11:23:03 IST" name="launch" finished-at="2024-12-19T11:23:07 IST" duration-ms="3141" status="PASS">
          <reporter-output>
          </reporter-output>
        </test-method> <!-- launch -->
        <test-method signature="login()[pri:0, instance:test.Testcase3@909217e]" started-at="2024-12-19T11:23:07 IST" name="login" finished-at="2024-12-19T11:23:30 IST" duration-ms="23729" status="PASS">
          <reporter-output>
          </reporter-output>
        </test-method> <!-- login -->
        <test-method is-config="true" signature="quit()[pri:0, instance:test.Testcase3@909217e]" started-at="2024-12-19T11:23:30 IST" name="quit" finished-at="2024-12-19T11:23:30 IST" duration-ms="0" status="PASS">
          <reporter-output>
          </reporter-output>
        </test-method> <!-- quit -->
      </class> <!-- test.Testcase3 -->
      <class name="test.Testcase4">
        <test-method is-config="true" signature="launch()[pri:0, instance:test.Testcase4@18271936]" started-at="2024-12-19T11:23:30 IST" name="launch" finished-at="2024-12-19T11:23:34 IST" duration-ms="4150" status="PASS">
          <reporter-output>
          </reporter-output>
        </test-method> <!-- launch -->
        <test-method signature="login()[pri:0, instance:test.Testcase4@18271936]" started-at="2024-12-19T11:23:34 IST" name="login" finished-at="2024-12-19T11:24:05 IST" duration-ms="31025" status="PASS">
          <reporter-output>
          </reporter-output>
        </test-method> <!-- login -->
        <test-method is-config="true" signature="quit()[pri:0, instance:test.Testcase4@18271936]" started-at="2024-12-19T11:24:05 IST" name="quit" finished-at="2024-12-19T11:24:05 IST" duration-ms="0" status="PASS">
          <reporter-output>
          </reporter-output>
        </test-method> <!-- quit -->
      </class> <!-- test.Testcase4 -->
      <class name="test.Testcase5">
        <test-method is-config="true" signature="launch()[pri:0, instance:test.Testcase5@606e4010]" started-at="2024-12-19T11:24:05 IST" name="launch" finished-at="2024-12-19T11:24:11 IST" duration-ms="5524" status="PASS">
          <reporter-output>
          </reporter-output>
        </test-method> <!-- launch -->
        <test-method signature="login()[pri:0, instance:test.Testcase5@606e4010]" started-at="2024-12-19T11:24:11 IST" name="login" finished-at="2024-12-19T11:24:40 IST" duration-ms="28812" status="PASS">
          <reporter-output>
          </reporter-output>
        </test-method> <!-- login -->
        <test-method is-config="true" signature="quit()[pri:0, instance:test.Testcase5@606e4010]" started-at="2024-12-19T11:24:40 IST" name="quit" finished-at="2024-12-19T11:24:40 IST" duration-ms="0" status="PASS">
          <reporter-output>
          </reporter-output>
        </test-method> <!-- quit -->
      </class> <!-- test.Testcase5 -->
      <class name="test.Testcase1">
        <test-method is-config="true" signature="launch()[pri:0, instance:test.Testcase1@6892b3b6]" started-at="2024-12-19T11:22:28 IST" name="launch" finished-at="2024-12-19T11:22:32 IST" duration-ms="3372" status="PASS">
          <reporter-output>
          </reporter-output>
        </test-method> <!-- launch -->
        <test-method signature="login()[pri:0, instance:test.Testcase1@6892b3b6]" started-at="2024-12-19T11:22:32 IST" name="login" finished-at="2024-12-19T11:22:41 IST" duration-ms="9622" status="PASS">
          <reporter-output>
          </reporter-output>
        </test-method> <!-- login -->
        <test-method is-config="true" signature="quit()[pri:0, instance:test.Testcase1@6892b3b6]" started-at="2024-12-19T11:22:41 IST" name="quit" finished-at="2024-12-19T11:22:41 IST" duration-ms="2" status="PASS">
          <reporter-output>
          </reporter-output>
        </test-method> <!-- quit -->
      </class> <!-- test.Testcase1 -->
    </test> <!-- Test -->
  </suite> <!-- Suite -->
</testng-results>
